2
2
5

3
7
71
117968865987646987

4294967291

5
5
5

3
3
7
11
19
13
3607
3803
52579

52579

52579

52579

52579

52579

52579

52579

52579

52579

52579

52579

52579

52579

52579

52579

52579

52579

52579

52579

52579

52579

52579

52579

52579

52579

52579

52579

52579

52579

52579

52579

52579

52579

52579

52579

52579

52579

52579

52579

52579

52579

52579

52579

52579

52579

52579

52579

52579

52579

52579

52579

52579

52579

52579

52579

52579

52579

52579

52579

52579

52579

52579

52579

52579

52579

52579

52579

52579

52579

52579

52579

52579

52579

52579

52579

52579

52579

52579

52579

52579

52579

52579

52579

52579

52579

52579

52579

52579

52579

52579

52579

52579

52579

52579

52579

